# JRE version: Java(TM) SE Runtime Environment (10.0+46) (build 10+46)
# Java VM: Java HotSpot(TM) 64-Bit Server VM (10+46, mixed mode, tiered, compressed oops, g1 gc, bsd-amd64)
Heap:
 garbage-first heap   total 157696K, used 55968K [0x0000000740000000, 0x00000007c0000000)
  region size 1024K, 29 young (29696K), 5 survivors (5120K)
 Metaspace       used 55354K, capacity 56627K, committed 57168K, reserved 1099776K
  class space    used 6681K, capacity 7175K, committed 7296K, reserved 1048576K
GC Heap History (10 events):
Event: 1.416 GC heap before
{Heap before GC invocations=3 (full 0):
 garbage-first heap   total 131072K, used 28765K [0x0000000740000000, 0x00000007c0000000)
  region size 1024K, 22 young (22528K), 3 survivors (3072K)
 Metaspace       used 20514K, capacity 21072K, committed 21552K, reserved 1069056K
  class space    used 2367K, capacity 2597K, committed 2688K, reserved 1048576K
}
Event: 1.422 GC heap after
{Heap after GC invocations=4 (full 0):
 garbage-first heap   total 131072K, used 11209K [0x0000000740000000, 0x00000007c0000000)
  region size 1024K, 3 young (3072K), 3 survivors (3072K)
 Metaspace       used 20514K, capacity 21072K, committed 21552K, reserved 1069056K
  class space    used 2367K, capacity 2597K, committed 2688K, reserved 1048576K
}
Event: 2.245 GC heap before
{Heap before GC invocations=5 (full 0):
 garbage-first heap   total 131072K, used 85961K [0x0000000740000000, 0x00000007c0000000)
  region size 1024K, 76 young (77824K), 3 survivors (3072K)
 Metaspace       used 28049K, capacity 28760K, committed 28928K, reserved 1075200K
  class space    used 3284K, capacity 3555K, committed 3584K, reserved 1048576K
}
Event: 2.257 GC heap after
{Heap after GC invocations=6 (full 0):
 garbage-first heap   total 157696K, used 14439K [0x0000000740000000, 0x00000007c0000000)
  region size 1024K, 7 young (7168K), 7 survivors (7168K)
 Metaspace       used 28049K, capacity 28760K, committed 28928K, reserved 1075200K
  class space    used 3284K, capacity 3555K, committed 3584K, reserved 1048576K
}
Event: 6.272 GC heap before
{Heap before GC invocations=6 (full 0):
 garbage-first heap   total 157696K, used 92263K [0x0000000740000000, 0x00000007c0000000)
  region size 1024K, 84 young (86016K), 7 survivors (7168K)
 Metaspace       used 34766K, capacity 35696K, committed 35920K, reserved 1081344K
  class space    used 4128K, capacity 4480K, committed 4480K, reserved 1048576K
}
Event: 6.288 GC heap after
{Heap after GC invocations=7 (full 0):
 garbage-first heap   total 157696K, used 18367K [0x0000000740000000, 0x00000007c0000000)
  region size 1024K, 9 young (9216K), 9 survivors (9216K)
 Metaspace       used 34766K, capacity 35696K, committed 35920K, reserved 1081344K
  class space    used 4128K, capacity 4480K, committed 4480K, reserved 1048576K
}
Event: 7.463 GC heap before
{Heap before GC invocations=8 (full 0):
 garbage-first heap   total 157696K, used 103359K [0x0000000740000000, 0x00000007c0000000)
  region size 1024K, 92 young (94208K), 9 survivors (9216K)
 Metaspace       used 45617K, capacity 46740K, committed 46928K, reserved 1089536K
  class space    used 5456K, capacity 5914K, committed 6016K, reserved 1048576K
}
Event: 7.501 GC heap after
{Heap after GC invocations=9 (full 0):
 garbage-first heap   total 157696K, used 27471K [0x0000000740000000, 0x00000007c0000000)
  region size 1024K, 12 young (12288K), 12 survivors (12288K)
 Metaspace       used 45617K, capacity 46740K, committed 46928K, reserved 1089536K
  class space    used 5456K, capacity 5914K, committed 6016K, reserved 1048576K
}
Event: 91.789 GC heap before
{Heap before GC invocations=9 (full 0):
 garbage-first heap   total 157696K, used 109391K [0x0000000740000000, 0x00000007c0000000)
  region size 1024K, 92 young (94208K), 12 survivors (12288K)
 Metaspace       used 50829K, capacity 52145K, committed 52432K, reserved 1095680K
  class space    used 6172K, capacity 6644K, committed 6656K, reserved 1048576K
}
Event: 91.857 GC heap after
{Heap after GC invocations=10 (full 0):
 garbage-first heap   total 157696K, used 32416K [0x0000000740000000, 0x00000007c0000000)
  region size 1024K, 5 young (5120K), 5 survivors (5120K)
 Metaspace       used 50829K, capacity 52145K, committed 52432K, reserved 1095680K
  class space    used 6172K, capacity 6644K, committed 6656K, reserved 1048576K
}

